

================================================================
== Vivado HLS Report for 'operator_int_1'
================================================================
* Date:           Tue Oct 13 14:40:47 2020

* Version:        2020.1 (Build 2897737 on Wed May 27 20:21:37 MDT 2020)
* Project:        conv_3_3
* Solution:       conv_3_3
* Product family: zynquplus
* Target device:  xczu7ev-ffvc1156-2-e


================================================================
== Performance Estimates
================================================================
+ Timing: 
    * Summary: 
    +--------+---------+----------+------------+
    |  Clock |  Target | Estimated| Uncertainty|
    +--------+---------+----------+------------+
    |ap_clk  | 5.00 ns |   0 ns   |   0.62 ns  |
    +--------+---------+----------+------------+

+ Latency: 
    * Summary: 
    +---------+---------+----------+----------+-----+-----+---------+
    |  Latency (cycles) |  Latency (absolute) |  Interval | Pipeline|
    |   min   |   max   |    min   |    max   | min | max |   Type  |
    +---------+---------+----------+----------+-----+-----+---------+
    |        0|        0|   0 ns   |   0 ns   |    0|    0|   none  |
    +---------+---------+----------+----------+-----+-----+---------+

    + Detail: 
        * Instance: 
        N/A

        * Loop: 
        N/A

============================================================
+ Verbose Summary: Synthesis Manager
============================================================
InlineROM: 1
ExposeGlobal: 0
============================================================
+ Verbose Summary: CDFG Model
============================================================
IsTopModel: 0
ResetActiveHigh: 1
IsCombinational: 2
IsDatapathOnly: 0
HasWiredReturn: 1
HasMFsm: 0
HasVarLatency: 0
IsPipeline: 0
IsRtlPipelined: 0
IsInstanceOverlapped: 0
IsDontTouch: 0
HasImplIP: 0
IsGatedGlobalClock: 0


============================================================
+ Verbose Summary: Schedule
============================================================
* Number of FSM states : 1
* Pipeline : 0
* Dataflow Pipeline: 0

* FSM state transitions: 
1 --> 

* FSM state operations: 

State 1 <SV = 0> <Delay = 0.00>
ST_1 : Operation 2 [1/1] (0.00ns)   --->   "%p_read_1 = call i16 @_ssdm_op_Read.ap_auto.i16(i16 %p_read)" [/home/nyengele/aha/clockwork/hw_classes.h:221]   --->   Operation 2 'read' 'p_read_1' <Predicate = true> <Delay = 0.00>
ST_1 : Operation 3 [1/1] (0.00ns)   --->   "call void @_ssdm_op_Write.ap_auto.volatile.i16P(i16* %hw_uint_16_val_V, i16 %p_read_1)" [/home/nyengele/aha/clockwork/hw_classes.h:221]   --->   Operation 3 'write' <Predicate = true> <Delay = 0.00>
ST_1 : Operation 4 [1/1] (0.00ns)   --->   "ret void" [/home/nyengele/aha/clockwork/hw_classes.h:221]   --->   Operation 4 'ret' <Predicate = true> <Delay = 0.00>


============================================================
+ Verbose Summary: Binding
============================================================
STG Binding: 
---------------- STG Properties BEGIN ----------------
- Is combinational: 0
- Is one-state seq: 1
- Is datapath-only: 0
- Is pipelined: 0
- Is top level: 0
Port [ Return ] is wired: 1; IO mode=ap_ctrl_hs:ce=0
Port [ hw_uint_16_val_V]:  wired=1; compound=0; hidden=0; nouse=0; global=0; static=0; extern=0; dir=1; type=0; pingpong=0; private_global=0; IO mode=ap_vld:ce=0
Port [ p_read]:  wired=1; compound=0; hidden=0; nouse=0; global=0; static=0; extern=0; dir=0; type=0; pingpong=0; private_global=0; IO mode=ap_none:ce=0
---------------- STG Properties END ------------------

---------------- Datapath Model BEGIN ----------------

<LifeTime>
<method=bitvector/>
p_read_1    (read ) [ 00]
write_ln221 (write) [ 00]
ret_ln221   (ret  ) [ 00]
</LifeTime>

<model>

<comp_list>
<comp id="0" class="1000" name="hw_uint_16_val_V">
<pin_list>
<pin id="1" dir="1" index="0" bw="1" slack="0"/>
</pin_list>
<bind>
<StgValue><ssdm name="hw_uint_16_val_V"/></StgValue>
</bind>
</comp>

<comp id="2" class="1000" name="p_read">
<pin_list>
<pin id="3" dir="1" index="0" bw="1" slack="0"/>
</pin_list>
<bind>
<StgValue><ssdm name="p_read"/></StgValue>
</bind>
</comp>

<comp id="4" class="1001" name="const_4">
<pin_list>
<pin id="5" dir="1" index="0" bw="1" slack="0"/>
</pin_list>
<bind>
<StgValue><ssdm name="_ssdm_op_Read.ap_auto.i16"/></StgValue>
</bind>
</comp>

<comp id="6" class="1001" name="const_6">
<pin_list>
<pin id="7" dir="1" index="0" bw="1" slack="0"/>
</pin_list>
<bind>
<StgValue><ssdm name="_ssdm_op_Write.ap_auto.volatile.i16P"/></StgValue>
</bind>
</comp>

<comp id="8" class="1004" name="p_read_1_read_fu_8">
<pin_list>
<pin id="9" dir="0" index="0" bw="16" slack="0"/>
<pin id="10" dir="0" index="1" bw="16" slack="0"/>
<pin id="11" dir="1" index="2" bw="16" slack="0"/>
</pin_list>
<bind>
<opcode="read(1150) " fcode="read"/>
<opset="p_read_1/1 "/>
</bind>
</comp>

<comp id="14" class="1004" name="write_ln221_write_fu_14">
<pin_list>
<pin id="15" dir="0" index="0" bw="0" slack="0"/>
<pin id="16" dir="0" index="1" bw="16" slack="0"/>
<pin id="17" dir="0" index="2" bw="16" slack="0"/>
<pin id="18" dir="1" index="3" bw="0" slack="2147483647"/>
</pin_list>
<bind>
<opcode="write(1151) " fcode="write"/>
<opset="write_ln221/1 "/>
</bind>
</comp>

</comp_list>

<net_list>
<net id="12"><net_src comp="4" pin="0"/><net_sink comp="8" pin=0"/></net>

<net id="13"><net_src comp="2" pin="0"/><net_sink comp="8" pin=1"/></net>

<net id="19"><net_src comp="6" pin="0"/><net_sink comp="14" pin=0"/></net>

<net id="20"><net_src comp="0" pin="0"/><net_sink comp="14" pin=1"/></net>

<net id="21"><net_src comp="8" pin="2"/><net_sink comp="14" pin=2"/></net>

</net_list>

</model> 
---------------- Datapath Model END ------------------

* FSMD analyzer results:
  - Output states:
	Port: hw_uint_16_val_V | {1 }
 - Input state : 
	Port: operator int.1 : p_read | {1 }
  - Chain level:
	State 1


============================================================
+ Verbose Summary: Datapath Resource usage 
============================================================

* Functional unit list:
|----------|-------------------------|
| Operation|     Functional Unit     |
|----------|-------------------------|
|   read   |    p_read_1_read_fu_8   |
|----------|-------------------------|
|   write  | write_ln221_write_fu_14 |
|----------|-------------------------|
|   Total  |                         |
|----------|-------------------------|

Memories:
N/A

* Register list:
N/A

* Multiplexer (MUX) list: 
|--------|------|------|------|--------|
|  Comp  |  Pin | Size |  BW  | S x BW |
|--------|------|------|------|--------|
|  Total |      |      |      |    0   |
|--------|------|------|------|--------|



* Summary:
+-----------+
|           |
+-----------+
|  Function |
|   Memory  |
|Multiplexer|
|  Register |
+-----------+
|   Total   |
+-----------+
