

================================================================
== Vivado HLS Report for 'Block_proc75'
================================================================
* Date:           Tue Oct 13 14:40:47 2020

* Version:        2020.1 (Build 2897737 on Wed May 27 20:21:37 MDT 2020)
* Project:        conv_3_3
* Solution:       conv_3_3
* Product family: zynquplus
* Target device:  xczu7ev-ffvc1156-2-e


================================================================
== Performance Estimates
================================================================
+ Timing: 
    * Summary: 
    +--------+---------+----------+------------+
    |  Clock |  Target | Estimated| Uncertainty|
    +--------+---------+----------+------------+
    |ap_clk  | 5.00 ns |   0 ns   |   0.62 ns  |
    +--------+---------+----------+------------+

+ Latency: 
    * Summary: 
    +---------+---------+----------+----------+-----+-----+---------+
    |  Latency (cycles) |  Latency (absolute) |  Interval | Pipeline|
    |   min   |   max   |    min   |    max   | min | max |   Type  |
    +---------+---------+----------+----------+-----+-----+---------+
    |        0|        0|   0 ns   |   0 ns   |    0|    0|   none  |
    +---------+---------+----------+----------+-----+-----+---------+

    + Detail: 
        * Instance: 
        N/A

        * Loop: 
        N/A



================================================================
== Utilization Estimates
================================================================
* Summary: 
+-----------------+---------+-------+--------+--------+-----+
|       Name      | BRAM_18K| DSP48E|   FF   |   LUT  | URAM|
+-----------------+---------+-------+--------+--------+-----+
|DSP              |        -|      -|       -|       -|    -|
|Expression       |        -|      -|       0|       2|    -|
|FIFO             |        -|      -|       -|       -|    -|
|Instance         |        -|      -|       -|       -|    -|
|Memory           |        -|      -|       -|       -|    -|
|Multiplexer      |        -|      -|       -|      27|    -|
|Register         |        -|      -|      18|       -|    -|
+-----------------+---------+-------+--------+--------+-----+
|Total            |        0|      0|      18|      29|    0|
+-----------------+---------+-------+--------+--------+-----+
|Available        |      624|   1728|  460800|  230400|   96|
+-----------------+---------+-------+--------+--------+-----+
|Utilization (%)  |        0|      0|   ~0   |   ~0   |    0|
+-----------------+---------+-------+--------+--------+-----+

+ Detail: 
    * Instance: 
    N/A

    * DSP48E: 
    N/A

    * Memory: 
    N/A

    * FIFO: 
    N/A

    * Expression: 
    +-----------------+----------+-------+---+----+------------+------------+
    |  Variable Name  | Operation| DSP48E| FF| LUT| Bitwidth P0| Bitwidth P1|
    +-----------------+----------+-------+---+----+------------+------------+
    |ap_block_state1  |    or    |      0|  0|   2|           1|           1|
    +-----------------+----------+-------+---+----+------------+------------+
    |Total            |          |      0|  0|   2|           1|           1|
    +-----------------+----------+-------+---+----+------------+------------+

    * Multiplexer: 
    +---------------------+----+-----------+-----+-----------+
    |         Name        | LUT| Input Size| Bits| Total Bits|
    +---------------------+----+-----------+-----+-----------+
    |ap_done              |   9|          2|    1|          2|
    |ap_return            |   9|          2|   16|         32|
    |arg_in0_TDATA_blk_n  |   9|          2|    1|          2|
    +---------------------+----+-----------+-----+-----------+
    |Total                |  27|          6|   18|         36|
    +---------------------+----+-----------+-----+-----------+

    * Register: 
    +----------------+----+----+-----+-----------+
    |      Name      | FF | LUT| Bits| Const Bits|
    +----------------+----+----+-----+-----------+
    |ap_CS_fsm       |   1|   0|    1|          0|
    |ap_done_reg     |   1|   0|    1|          0|
    |ap_return_preg  |  16|   0|   16|          0|
    +----------------+----+----+-----+-----------+
    |Total           |  18|   0|   18|          0|
    +----------------+----+----+-----+-----------+



================================================================
== Interface
================================================================
* Summary: 
+----------------+-----+-----+------------+-------------------+--------------+
|    RTL Ports   | Dir | Bits|  Protocol  |   Source Object   |    C Type    |
+----------------+-----+-----+------------+-------------------+--------------+
|ap_clk          |  in |    1| ap_ctrl_hs |   Block__proc75   | return value |
|ap_rst          |  in |    1| ap_ctrl_hs |   Block__proc75   | return value |
|ap_start        |  in |    1| ap_ctrl_hs |   Block__proc75   | return value |
|ap_done         | out |    1| ap_ctrl_hs |   Block__proc75   | return value |
|ap_continue     |  in |    1| ap_ctrl_hs |   Block__proc75   | return value |
|ap_idle         | out |    1| ap_ctrl_hs |   Block__proc75   | return value |
|ap_ready        | out |    1| ap_ctrl_hs |   Block__proc75   | return value |
|ap_return       | out |   16| ap_ctrl_hs |   Block__proc75   | return value |
|arg_in0_TDATA   |  in |   16|    axis    |  arg_in0_V_data_V |    pointer   |
|arg_in0_TVALID  |  in |    1|    axis    | arg_in0_V_tlast_V |    pointer   |
|arg_in0_TREADY  | out |    1|    axis    | arg_in0_V_tlast_V |    pointer   |
|arg_in0_TLAST   |  in |    1|    axis    | arg_in0_V_tlast_V |    pointer   |
+----------------+-----+-----+------------+-------------------+--------------+

