

================================================================
== Vivado HLS Report for 'unoptimized_conv_3_3_rdai'
================================================================
* Date:           Tue Oct 13 14:40:48 2020

* Version:        2020.1 (Build 2897737 on Wed May 27 20:21:37 MDT 2020)
* Project:        conv_3_3
* Solution:       conv_3_3
* Product family: zynquplus
* Target device:  xczu7ev-ffvc1156-2-e


================================================================
== Performance Estimates
================================================================
+ Timing: 
    * Summary: 
    +--------+---------+----------+------------+
    |  Clock |  Target | Estimated| Uncertainty|
    +--------+---------+----------+------------+
    |ap_clk  | 5.00 ns | 4.129 ns |   0.62 ns  |
    +--------+---------+----------+------------+

+ Latency: 
    * Summary: 
    +---------+---------+----------+----------+-------+-------+----------+
    |  Latency (cycles) |  Latency (absolute) |    Interval   | Pipeline |
    |   min   |   max   |    min   |    max   |  min  |  max  |   Type   |
    +---------+---------+----------+----------+-------+-------+----------+
    |    31258|    31258| 0.156 ms | 0.156 ms |  31259|  31259| dataflow |
    +---------+---------+----------+----------+-------+-------+----------+

    + Detail: 
        * Instance: 
        +-------------------------+----------------------+---------+---------+----------+----------+-------+-------+---------+
        |                         |                      |  Latency (cycles) |  Latency (absolute) |    Interval   | Pipeline|
        |         Instance        |        Module        |   min   |   max   |    min   |    max   |  min  |  max  |   Type  |
        +-------------------------+----------------------+---------+---------+----------+----------+-------+-------+---------+
        |unoptimized_conv_3_3_U0  |unoptimized_conv_3_3  |    31258|    31258| 0.156 ms | 0.156 ms |  31258|  31258|   none  |
        |Block_proc7476_U0        |Block_proc7476        |        1|        1| 5.000 ns | 5.000 ns |      1|      1|   none  |
        |write_U0                 |write_r               |        0|        0|   0 ns   |   0 ns   |      0|      0|   none  |
        |operator_int_1_U0        |operator_int_1        |        0|        0|   0 ns   |   0 ns   |      0|      0|   none  |
        |operator_int_U0          |operator_int          |        0|        0|   0 ns   |   0 ns   |      0|      0|   none  |
        |Block_proc75_U0          |Block_proc75          |        0|        0|   0 ns   |   0 ns   |      0|      0|   none  |
        |read_1_U0                |read_1                |        0|        0|   0 ns   |   0 ns   |      0|      0|   none  |
        |read_U0                  |read_r                |        0|        0|   0 ns   |   0 ns   |      0|      0|   none  |
        +-------------------------+----------------------+---------+---------+----------+----------+-------+-------+---------+

        * Loop: 
        N/A



================================================================
== Utilization Estimates
================================================================
* Summary: 
+-----------------+---------+-------+--------+--------+-----+
|       Name      | BRAM_18K| DSP48E|   FF   |   LUT  | URAM|
+-----------------+---------+-------+--------+--------+-----+
|DSP              |        -|      -|       -|       -|    -|
|Expression       |        -|      -|       0|       4|    -|
|FIFO             |        0|      -|      40|     188|    -|
|Instance         |        4|      2|     266|     760|    0|
|Memory           |        -|      -|       -|       -|    -|
|Multiplexer      |        -|      -|       -|       -|    -|
|Register         |        -|      -|       -|       -|    -|
+-----------------+---------+-------+--------+--------+-----+
|Total            |        4|      2|     306|     952|    0|
+-----------------+---------+-------+--------+--------+-----+
|Available        |      624|   1728|  460800|  230400|   96|
+-----------------+---------+-------+--------+--------+-----+
|Utilization (%)  |    ~0   |   ~0  |   ~0   |   ~0   |    0|
+-----------------+---------+-------+--------+--------+-----+

+ Detail: 
    * Instance: 
    +-------------------------+----------------------+---------+-------+-----+-----+-----+
    |         Instance        |        Module        | BRAM_18K| DSP48E|  FF | LUT | URAM|
    +-------------------------+----------------------+---------+-------+-----+-----+-----+
    |Block_proc7476_U0        |Block_proc7476        |        0|      0|    3|   35|    0|
    |Block_proc75_U0          |Block_proc75          |        0|      0|   18|   29|    0|
    |operator_int_U0          |operator_int          |        0|      0|    3|   20|    0|
    |operator_int_1_U0        |operator_int_1        |        0|      0|   18|   20|    0|
    |read_1_U0                |read_1                |        0|      0|   18|   29|    0|
    |read_U0                  |read_r                |        0|      0|    3|   29|    0|
    |unoptimized_conv_3_3_U0  |unoptimized_conv_3_3  |        4|      2|  200|  569|    0|
    |write_U0                 |write_r               |        0|      0|    3|   29|    0|
    +-------------------------+----------------------+---------+-------+-----+-----+-----+
    |Total                    |                      |        4|      2|  266|  760|    0|
    +-------------------------+----------------------+---------+-------+-----+-----+-----+

    * DSP48E: 
    N/A

    * Memory: 
    N/A

    * FIFO: 
    +-------------------------+---------+---+----+-----+------+-----+---------+
    |           Name          | BRAM_18K| FF| LUT| URAM| Depth| Bits| Size:D*B|
    +-------------------------+---------+---+----+-----+------+-----+---------+
    |arg_in0_hwstream_val_U   |        0|  5|   0|    -|     2|   16|       32|
    |arg_out_data_values_s_U  |        0|  5|   0|    -|     2|   16|       32|
    |arg_out_tlast_values_U   |        0|  5|   0|    -|     2|    1|        2|
    |p_0_U                    |        0|  5|   0|    -|     2|   16|       32|
    |p_s_U                    |        0|  5|   0|    -|     2|    1|        2|
    |this_assign_channel_U    |        0|  5|   0|    -|     2|   16|       32|
    |val_assign_1_channel_U   |        0|  5|   0|    -|     2|    1|        2|
    |val_assign_channel_U     |        0|  5|   0|    -|     2|   16|       32|
    +-------------------------+---------+---+----+-----+------+-----+---------+
    |Total                    |        0| 40|   0|    0|    16|   83|      166|
    +-------------------------+---------+---+----+-----+------+-----+---------+

    * Expression: 
    +--------------------------------------+----------+-------+---+----+------------+------------+
    |             Variable Name            | Operation| DSP48E| FF| LUT| Bitwidth P0| Bitwidth P1|
    +--------------------------------------+----------+-------+---+----+------------+------------+
    |Block_proc7476_U0_ap_start            |    and   |      0|  0|   2|           1|           1|
    |unoptimized_conv_3_3_U0_start_full_n  |    and   |      0|  0|   2|           1|           1|
    +--------------------------------------+----------+-------+---+----+------------+------------+
    |Total                                 |          |      0|  0|   4|           2|           2|
    +--------------------------------------+----------+-------+---+----+------------+------------+

    * Multiplexer: 
    N/A

    * Register: 
    N/A



================================================================
== Interface
================================================================
* Summary: 
+----------------+-----+-----+--------------+---------------------------+--------------+
|    RTL Ports   | Dir | Bits|   Protocol   |       Source Object       |    C Type    |
+----------------+-----+-----+--------------+---------------------------+--------------+
|arg_in0_TDATA   |  in |   16|     axis     |      arg_in0_V_data_V     |    pointer   |
|arg_in0_TLAST   |  in |    1|     axis     |     arg_in0_V_tlast_V     |    pointer   |
|arg_in0_TVALID  |  in |    1|     axis     |     arg_in0_V_tlast_V     |    pointer   |
|arg_in0_TREADY  | out |    1|     axis     |     arg_in0_V_tlast_V     |    pointer   |
|arg_out_TDATA   | out |   16|     axis     |      arg_out_V_data_V     |    pointer   |
|arg_out_TLAST   | out |    1|     axis     |     arg_out_V_tlast_V     |    pointer   |
|arg_out_TVALID  | out |    1|     axis     |     arg_out_V_tlast_V     |    pointer   |
|arg_out_TREADY  |  in |    1|     axis     |     arg_out_V_tlast_V     |    pointer   |
|ap_clk          |  in |    1| ap_ctrl_none | unoptimized_conv_3_3_rdai | return value |
|ap_rst_n        |  in |    1| ap_ctrl_none | unoptimized_conv_3_3_rdai | return value |
+----------------+-----+-----+--------------+---------------------------+--------------+

