

================================================================
== Vivado HLS Report for 'write_r'
================================================================
* Date:           Tue Oct 13 14:40:47 2020

* Version:        2020.1 (Build 2897737 on Wed May 27 20:21:37 MDT 2020)
* Project:        conv_3_3
* Solution:       conv_3_3
* Product family: zynquplus
* Target device:  xczu7ev-ffvc1156-2-e


================================================================
== Performance Estimates
================================================================
+ Timing: 
    * Summary: 
    +--------+---------+----------+------------+
    |  Clock |  Target | Estimated| Uncertainty|
    +--------+---------+----------+------------+
    |ap_clk  | 5.00 ns | 1.838 ns |   0.62 ns  |
    +--------+---------+----------+------------+

+ Latency: 
    * Summary: 
    +---------+---------+----------+----------+-----+-----+---------+
    |  Latency (cycles) |  Latency (absolute) |  Interval | Pipeline|
    |   min   |   max   |    min   |    max   | min | max |   Type  |
    +---------+---------+----------+----------+-----+-----+---------+
    |        0|        0|   0 ns   |   0 ns   |    0|    0|   none  |
    +---------+---------+----------+----------+-----+-----+---------+

    + Detail: 
        * Instance: 
        N/A

        * Loop: 
        N/A



================================================================
== Utilization Estimates
================================================================
* Summary: 
+-----------------+---------+-------+--------+--------+-----+
|       Name      | BRAM_18K| DSP48E|   FF   |   LUT  | URAM|
+-----------------+---------+-------+--------+--------+-----+
|DSP              |        -|      -|       -|       -|    -|
|Expression       |        -|      -|       0|       2|    -|
|FIFO             |        -|      -|       -|       -|    -|
|Instance         |        -|      -|       -|       -|    -|
|Memory           |        -|      -|       -|       -|    -|
|Multiplexer      |        -|      -|       -|      27|    -|
|Register         |        -|      -|       3|       -|    -|
+-----------------+---------+-------+--------+--------+-----+
|Total            |        0|      0|       3|      29|    0|
+-----------------+---------+-------+--------+--------+-----+
|Available        |      624|   1728|  460800|  230400|   96|
+-----------------+---------+-------+--------+--------+-----+
|Utilization (%)  |        0|      0|   ~0   |   ~0   |    0|
+-----------------+---------+-------+--------+--------+-----+

+ Detail: 
    * Instance: 
    N/A

    * DSP48E: 
    N/A

    * Memory: 
    N/A

    * FIFO: 
    N/A

    * Expression: 
    +-----------------+----------+-------+---+----+------------+------------+
    |  Variable Name  | Operation| DSP48E| FF| LUT| Bitwidth P0| Bitwidth P1|
    +-----------------+----------+-------+---+----+------------+------------+
    |ap_block_state1  |    or    |      0|  0|   2|           1|           1|
    +-----------------+----------+-------+---+----+------------+------------+
    |Total            |          |      0|  0|   2|           1|           1|
    +-----------------+----------+-------+---+----+------------+------------+

    * Multiplexer: 
    +------------------------------------------+----+-----------+-----+-----------+
    |                   Name                   | LUT| Input Size| Bits| Total Bits|
    +------------------------------------------+----+-----------+-----+-----------+
    |HWStream_hw_uint_16_values_V_val_V_blk_n  |   9|          2|    1|          2|
    |ap_done                                   |   9|          2|    1|          2|
    |real_start                                |   9|          2|    1|          2|
    +------------------------------------------+----+-----------+-----+-----------+
    |Total                                     |  27|          6|    3|          6|
    +------------------------------------------+----+-----------+-----+-----------+

    * Register: 
    +----------------+---+----+-----+-----------+
    |      Name      | FF| LUT| Bits| Const Bits|
    +----------------+---+----+-----+-----------+
    |ap_CS_fsm       |  1|   0|    1|          0|
    |ap_done_reg     |  1|   0|    1|          0|
    |start_once_reg  |  1|   0|    1|          0|
    +----------------+---+----+-----+-----------+
    |Total           |  3|   0|    3|          0|
    +----------------+---+----+-----+-----------+



================================================================
== Interface
================================================================
* Summary: 
+-------------------------------------------+-----+-----+------------+------------------------------------+--------------+
|                 RTL Ports                 | Dir | Bits|  Protocol  |            Source Object           |    C Type    |
+-------------------------------------------+-----+-----+------------+------------------------------------+--------------+
|ap_clk                                     |  in |    1| ap_ctrl_hs |                write               | return value |
|ap_rst                                     |  in |    1| ap_ctrl_hs |                write               | return value |
|ap_start                                   |  in |    1| ap_ctrl_hs |                write               | return value |
|start_full_n                               |  in |    1| ap_ctrl_hs |                write               | return value |
|ap_done                                    | out |    1| ap_ctrl_hs |                write               | return value |
|ap_continue                                |  in |    1| ap_ctrl_hs |                write               | return value |
|ap_idle                                    | out |    1| ap_ctrl_hs |                write               | return value |
|ap_ready                                   | out |    1| ap_ctrl_hs |                write               | return value |
|start_out                                  | out |    1| ap_ctrl_hs |                write               | return value |
|start_write                                | out |    1| ap_ctrl_hs |                write               | return value |
|HWStream_hw_uint_16_values_V_val_V_din     | out |   16|   ap_fifo  | HWStream_hw_uint_16_values_V_val_V |    pointer   |
|HWStream_hw_uint_16_values_V_val_V_full_n  |  in |    1|   ap_fifo  | HWStream_hw_uint_16_values_V_val_V |    pointer   |
|HWStream_hw_uint_16_values_V_val_V_write   | out |    1|   ap_fifo  | HWStream_hw_uint_16_values_V_val_V |    pointer   |
|v_val_V_read                               |  in |   16|   ap_none  |            v_val_V_read            |    scalar    |
+-------------------------------------------+-----+-----+------------+------------------------------------+--------------+

