
*** Running vivado
    with args -log conv_3_3_proc_sys_reset_0_0.vds -m64 -product Vivado -mode batch -messageDb vivado.pb -notrace -source conv_3_3_proc_sys_reset_0_0.tcl


****** Vivado v2020.1 (64-bit)
  **** SW Build 2902540 on Wed May 27 19:54:35 MDT 2020
  **** IP Build 2902112 on Wed May 27 22:43:36 MDT 2020
    ** Copyright 1986-2020 Xilinx, Inc. All Rights Reserved.

source conv_3_3_proc_sys_reset_0_0.tcl -notrace
INFO: [IP_Flow 19-234] Refreshing IP repositories
INFO: [IP_Flow 19-1700] Loaded user IP repository '/home/nyengele/aha/fpga_builder/apps/conv_3_3/bin/fpga/hls/conv_3_3/conv_3_3/impl/ip'.
INFO: [IP_Flow 19-2313] Loaded Vivado IP repository '/cad/xilinx/vivado/2020.1/Vivado/2020.1/data/ip'.
update_ip_catalog: Time (s): cpu = 00:00:04 ; elapsed = 00:00:08 . Memory (MB): peak = 2077.148 ; gain = 0.000 ; free physical = 8964 ; free virtual = 84764
Command: synth_design -top conv_3_3_proc_sys_reset_0_0 -part xczu7ev-ffvc1156-2-e -mode out_of_context
Starting synth_design
Attempting to get a license for feature 'Synthesis' and/or device 'xczu7ev'
INFO: [Common 17-349] Got license for feature 'Synthesis' and/or device 'xczu7ev'
INFO: [Device 21-403] Loading part xczu7ev-ffvc1156-2-e
INFO: [Synth 8-7079] Multithreading enabled for synth_design using a maximum of 4 processes.
INFO: [Synth 8-7078] Launching helper process for spawning children vivado processes
INFO: [Synth 8-7075] Helper process launched with PID 1601734
---------------------------------------------------------------------------------
Starting RTL Elaboration : Time (s): cpu = 00:00:05 ; elapsed = 00:00:11 . Memory (MB): peak = 2649.621 ; gain = 11.812 ; free physical = 3795 ; free virtual = 77802
---------------------------------------------------------------------------------
INFO: [Synth 8-638] synthesizing module 'conv_3_3_proc_sys_reset_0_0' [/home/nyengele/aha/fpga_builder/apps/conv_3_3/conv_3_3/conv_3_3.srcs/sources_1/bd/conv_3_3/ip/conv_3_3_proc_sys_reset_0_0/synth/conv_3_3_proc_sys_reset_0_0.vhd:74]
	Parameter C_FAMILY bound to: zynquplus - type: string 
	Parameter C_EXT_RST_WIDTH bound to: 4 - type: integer 
	Parameter C_AUX_RST_WIDTH bound to: 4 - type: integer 
	Parameter C_EXT_RESET_HIGH bound to: 1'b0 
	Parameter C_AUX_RESET_HIGH bound to: 1'b0 
	Parameter C_NUM_BUS_RST bound to: 1 - type: integer 
	Parameter C_NUM_PERP_RST bound to: 1 - type: integer 
	Parameter C_NUM_INTERCONNECT_ARESETN bound to: 1 - type: integer 
	Parameter C_NUM_PERP_ARESETN bound to: 1 - type: integer 
INFO: [Synth 8-3491] module 'proc_sys_reset' declared at '/home/nyengele/aha/fpga_builder/apps/conv_3_3/conv_3_3/conv_3_3.srcs/sources_1/bd/conv_3_3/ipshared/8842/hdl/proc_sys_reset_v5_0_vh_rfs.vhd:1264' bound to instance 'U0' of component 'proc_sys_reset' [/home/nyengele/aha/fpga_builder/apps/conv_3_3/conv_3_3/conv_3_3.srcs/sources_1/bd/conv_3_3/ip/conv_3_3_proc_sys_reset_0_0/synth/conv_3_3_proc_sys_reset_0_0.vhd:129]
INFO: [Synth 8-638] synthesizing module 'proc_sys_reset' [/home/nyengele/aha/fpga_builder/apps/conv_3_3/conv_3_3/conv_3_3.srcs/sources_1/bd/conv_3_3/ipshared/8842/hdl/proc_sys_reset_v5_0_vh_rfs.vhd:1323]
	Parameter C_FAMILY bound to: zynquplus - type: string 
	Parameter C_EXT_RST_WIDTH bound to: 4 - type: integer 
	Parameter C_AUX_RST_WIDTH bound to: 4 - type: integer 
	Parameter C_EXT_RESET_HIGH bound to: 1'b0 
	Parameter C_AUX_RESET_HIGH bound to: 1'b0 
	Parameter C_NUM_BUS_RST bound to: 1 - type: integer 
	Parameter C_NUM_PERP_RST bound to: 1 - type: integer 
	Parameter C_NUM_INTERCONNECT_ARESETN bound to: 1 - type: integer 
	Parameter C_NUM_PERP_ARESETN bound to: 1 - type: integer 
	Parameter INIT bound to: 1'b1 
	Parameter IS_C_INVERTED bound to: 1'b0 
	Parameter IS_D_INVERTED bound to: 1'b0 
	Parameter IS_R_INVERTED bound to: 1'b0 
INFO: [Synth 8-113] binding component instance 'FDRE_inst' to cell 'FDRE' [/home/nyengele/aha/fpga_builder/apps/conv_3_3/conv_3_3/conv_3_3.srcs/sources_1/bd/conv_3_3/ipshared/8842/hdl/proc_sys_reset_v5_0_vh_rfs.vhd:1392]
	Parameter INIT bound to: 1'b1 
	Parameter IS_C_INVERTED bound to: 1'b0 
	Parameter IS_D_INVERTED bound to: 1'b0 
	Parameter IS_R_INVERTED bound to: 1'b0 
INFO: [Synth 8-113] binding component instance 'FDRE_BSR' to cell 'FDRE' [/home/nyengele/aha/fpga_builder/apps/conv_3_3/conv_3_3/conv_3_3.srcs/sources_1/bd/conv_3_3/ipshared/8842/hdl/proc_sys_reset_v5_0_vh_rfs.vhd:1408]
	Parameter INIT bound to: 1'b0 
	Parameter IS_C_INVERTED bound to: 1'b0 
	Parameter IS_D_INVERTED bound to: 1'b0 
	Parameter IS_R_INVERTED bound to: 1'b0 
INFO: [Synth 8-113] binding component instance 'FDRE_BSR_N' to cell 'FDRE' [/home/nyengele/aha/fpga_builder/apps/conv_3_3/conv_3_3/conv_3_3.srcs/sources_1/bd/conv_3_3/ipshared/8842/hdl/proc_sys_reset_v5_0_vh_rfs.vhd:1434]
	Parameter INIT bound to: 1'b1 
	Parameter IS_C_INVERTED bound to: 1'b0 
	Parameter IS_D_INVERTED bound to: 1'b0 
	Parameter IS_R_INVERTED bound to: 1'b0 
INFO: [Synth 8-113] binding component instance 'FDRE_PER' to cell 'FDRE' [/home/nyengele/aha/fpga_builder/apps/conv_3_3/conv_3_3/conv_3_3.srcs/sources_1/bd/conv_3_3/ipshared/8842/hdl/proc_sys_reset_v5_0_vh_rfs.vhd:1457]
	Parameter INIT bound to: 1'b0 
	Parameter IS_C_INVERTED bound to: 1'b0 
	Parameter IS_D_INVERTED bound to: 1'b0 
	Parameter IS_R_INVERTED bound to: 1'b0 
INFO: [Synth 8-113] binding component instance 'FDRE_PER_N' to cell 'FDRE' [/home/nyengele/aha/fpga_builder/apps/conv_3_3/conv_3_3/conv_3_3.srcs/sources_1/bd/conv_3_3/ipshared/8842/hdl/proc_sys_reset_v5_0_vh_rfs.vhd:1481]
INFO: [Synth 8-638] synthesizing module 'lpf' [/home/nyengele/aha/fpga_builder/apps/conv_3_3/conv_3_3/conv_3_3.srcs/sources_1/bd/conv_3_3/ipshared/8842/hdl/proc_sys_reset_v5_0_vh_rfs.vhd:816]
	Parameter C_EXT_RST_WIDTH bound to: 4 - type: integer 
	Parameter C_AUX_RST_WIDTH bound to: 4 - type: integer 
	Parameter C_EXT_RESET_HIGH bound to: 1'b0 
	Parameter C_AUX_RESET_HIGH bound to: 1'b0 
INFO: [Synth 8-3491] module 'SRL16' declared at '/cad/xilinx/vivado/2020.1/Vivado/2020.1/scripts/rt/data/unisim_comp.v:78043' bound to instance 'POR_SRL_I' of component 'SRL16' [/home/nyengele/aha/fpga_builder/apps/conv_3_3/conv_3_3/conv_3_3.srcs/sources_1/bd/conv_3_3/ipshared/8842/hdl/proc_sys_reset_v5_0_vh_rfs.vhd:868]
INFO: [Synth 8-6157] synthesizing module 'SRL16' [/cad/xilinx/vivado/2020.1/Vivado/2020.1/scripts/rt/data/unisim_comp.v:78043]
	Parameter INIT bound to: 16'b0000000000000000 
INFO: [Synth 8-6155] done synthesizing module 'SRL16' (1#1) [/cad/xilinx/vivado/2020.1/Vivado/2020.1/scripts/rt/data/unisim_comp.v:78043]
INFO: [Synth 8-638] synthesizing module 'cdc_sync' [/home/nyengele/aha/fpga_builder/apps/conv_3_3/conv_3_3/conv_3_3.srcs/sources_1/bd/conv_3_3/ipshared/ef1e/hdl/lib_cdc_v1_0_rfs.vhd:106]
	Parameter C_CDC_TYPE bound to: 1 - type: integer 
	Parameter C_RESET_STATE bound to: 0 - type: integer 
	Parameter C_SINGLE_BIT bound to: 1 - type: integer 
	Parameter C_FLOP_INPUT bound to: 0 - type: integer 
	Parameter C_VECTOR_WIDTH bound to: 2 - type: integer 
	Parameter C_MTBF_STAGES bound to: 4 - type: integer 
	Parameter INIT bound to: 1'b0 
INFO: [Synth 8-113] binding component instance 'CROSS_PLEVEL_IN2SCNDRY_IN_cdc_to' to cell 'FDR' [/home/nyengele/aha/fpga_builder/apps/conv_3_3/conv_3_3/conv_3_3.srcs/sources_1/bd/conv_3_3/ipshared/ef1e/hdl/lib_cdc_v1_0_rfs.vhd:514]
	Parameter INIT bound to: 1'b0 
INFO: [Synth 8-113] binding component instance 'CROSS_PLEVEL_IN2SCNDRY_s_level_out_d2' to cell 'FDR' [/home/nyengele/aha/fpga_builder/apps/conv_3_3/conv_3_3/conv_3_3.srcs/sources_1/bd/conv_3_3/ipshared/ef1e/hdl/lib_cdc_v1_0_rfs.vhd:545]
	Parameter INIT bound to: 1'b0 
INFO: [Synth 8-113] binding component instance 'CROSS_PLEVEL_IN2SCNDRY_s_level_out_d3' to cell 'FDR' [/home/nyengele/aha/fpga_builder/apps/conv_3_3/conv_3_3/conv_3_3.srcs/sources_1/bd/conv_3_3/ipshared/ef1e/hdl/lib_cdc_v1_0_rfs.vhd:554]
	Parameter INIT bound to: 1'b0 
INFO: [Synth 8-113] binding component instance 'CROSS_PLEVEL_IN2SCNDRY_s_level_out_d4' to cell 'FDR' [/home/nyengele/aha/fpga_builder/apps/conv_3_3/conv_3_3/conv_3_3.srcs/sources_1/bd/conv_3_3/ipshared/ef1e/hdl/lib_cdc_v1_0_rfs.vhd:564]
	Parameter INIT bound to: 1'b0 
INFO: [Synth 8-113] binding component instance 'CROSS_PLEVEL_IN2SCNDRY_s_level_out_d5' to cell 'FDR' [/home/nyengele/aha/fpga_builder/apps/conv_3_3/conv_3_3/conv_3_3.srcs/sources_1/bd/conv_3_3/ipshared/ef1e/hdl/lib_cdc_v1_0_rfs.vhd:574]
	Parameter INIT bound to: 1'b0 
INFO: [Synth 8-113] binding component instance 'CROSS_PLEVEL_IN2SCNDRY_s_level_out_d6' to cell 'FDR' [/home/nyengele/aha/fpga_builder/apps/conv_3_3/conv_3_3/conv_3_3.srcs/sources_1/bd/conv_3_3/ipshared/ef1e/hdl/lib_cdc_v1_0_rfs.vhd:584]
INFO: [Synth 8-256] done synthesizing module 'cdc_sync' (2#1) [/home/nyengele/aha/fpga_builder/apps/conv_3_3/conv_3_3/conv_3_3.srcs/sources_1/bd/conv_3_3/ipshared/ef1e/hdl/lib_cdc_v1_0_rfs.vhd:106]
INFO: [Synth 8-256] done synthesizing module 'lpf' (3#1) [/home/nyengele/aha/fpga_builder/apps/conv_3_3/conv_3_3/conv_3_3.srcs/sources_1/bd/conv_3_3/ipshared/8842/hdl/proc_sys_reset_v5_0_vh_rfs.vhd:816]
INFO: [Synth 8-638] synthesizing module 'sequence_psr' [/home/nyengele/aha/fpga_builder/apps/conv_3_3/conv_3_3/conv_3_3.srcs/sources_1/bd/conv_3_3/ipshared/8842/hdl/proc_sys_reset_v5_0_vh_rfs.vhd:301]
INFO: [Synth 8-638] synthesizing module 'upcnt_n' [/home/nyengele/aha/fpga_builder/apps/conv_3_3/conv_3_3/conv_3_3.srcs/sources_1/bd/conv_3_3/ipshared/8842/hdl/proc_sys_reset_v5_0_vh_rfs.vhd:125]
	Parameter C_SIZE bound to: 6 - type: integer 
INFO: [Synth 8-256] done synthesizing module 'upcnt_n' (4#1) [/home/nyengele/aha/fpga_builder/apps/conv_3_3/conv_3_3/conv_3_3.srcs/sources_1/bd/conv_3_3/ipshared/8842/hdl/proc_sys_reset_v5_0_vh_rfs.vhd:125]
INFO: [Synth 8-256] done synthesizing module 'sequence_psr' (5#1) [/home/nyengele/aha/fpga_builder/apps/conv_3_3/conv_3_3/conv_3_3.srcs/sources_1/bd/conv_3_3/ipshared/8842/hdl/proc_sys_reset_v5_0_vh_rfs.vhd:301]
INFO: [Synth 8-256] done synthesizing module 'proc_sys_reset' (6#1) [/home/nyengele/aha/fpga_builder/apps/conv_3_3/conv_3_3/conv_3_3.srcs/sources_1/bd/conv_3_3/ipshared/8842/hdl/proc_sys_reset_v5_0_vh_rfs.vhd:1323]
INFO: [Synth 8-256] done synthesizing module 'conv_3_3_proc_sys_reset_0_0' (7#1) [/home/nyengele/aha/fpga_builder/apps/conv_3_3/conv_3_3/conv_3_3.srcs/sources_1/bd/conv_3_3/ip/conv_3_3_proc_sys_reset_0_0/synth/conv_3_3_proc_sys_reset_0_0.vhd:74]
---------------------------------------------------------------------------------
Finished RTL Elaboration : Time (s): cpu = 00:00:06 ; elapsed = 00:00:13 . Memory (MB): peak = 2692.527 ; gain = 54.719 ; free physical = 4111 ; free virtual = 78118
---------------------------------------------------------------------------------
---------------------------------------------------------------------------------
Start Handling Custom Attributes
---------------------------------------------------------------------------------
---------------------------------------------------------------------------------
Finished Handling Custom Attributes : Time (s): cpu = 00:00:07 ; elapsed = 00:00:14 . Memory (MB): peak = 2710.371 ; gain = 72.562 ; free physical = 4081 ; free virtual = 78089
---------------------------------------------------------------------------------
---------------------------------------------------------------------------------
Finished RTL Optimization Phase 1 : Time (s): cpu = 00:00:07 ; elapsed = 00:00:14 . Memory (MB): peak = 2710.371 ; gain = 72.562 ; free physical = 4081 ; free virtual = 78089
---------------------------------------------------------------------------------
Netlist sorting complete. Time (s): cpu = 00:00:00 ; elapsed = 00:00:00 . Memory (MB): peak = 2721.277 ; gain = 0.000 ; free physical = 3985 ; free virtual = 77993
INFO: [Netlist 29-17] Analyzing 13 Unisim elements for replacement
INFO: [Netlist 29-28] Unisim Transformation completed in 0 CPU seconds
INFO: [Project 1-570] Preparing netlist for logic optimization

Processing XDC Constraints
Initializing timing engine
Parsing XDC File [/home/nyengele/aha/fpga_builder/apps/conv_3_3/conv_3_3/conv_3_3.srcs/sources_1/bd/conv_3_3/ip/conv_3_3_proc_sys_reset_0_0/conv_3_3_proc_sys_reset_0_0_ooc.xdc] for cell 'U0'
create_clock: Time (s): cpu = 00:00:05 ; elapsed = 00:00:05 . Memory (MB): peak = 2885.090 ; gain = 0.000 ; free physical = 3708 ; free virtual = 77724
Finished Parsing XDC File [/home/nyengele/aha/fpga_builder/apps/conv_3_3/conv_3_3/conv_3_3.srcs/sources_1/bd/conv_3_3/ip/conv_3_3_proc_sys_reset_0_0/conv_3_3_proc_sys_reset_0_0_ooc.xdc] for cell 'U0'
Parsing XDC File [/home/nyengele/aha/fpga_builder/apps/conv_3_3/conv_3_3/conv_3_3.srcs/sources_1/bd/conv_3_3/ip/conv_3_3_proc_sys_reset_0_0/conv_3_3_proc_sys_reset_0_0_board.xdc] for cell 'U0'
Finished Parsing XDC File [/home/nyengele/aha/fpga_builder/apps/conv_3_3/conv_3_3/conv_3_3.srcs/sources_1/bd/conv_3_3/ip/conv_3_3_proc_sys_reset_0_0/conv_3_3_proc_sys_reset_0_0_board.xdc] for cell 'U0'
Parsing XDC File [/home/nyengele/aha/fpga_builder/apps/conv_3_3/conv_3_3/conv_3_3.srcs/sources_1/bd/conv_3_3/ip/conv_3_3_proc_sys_reset_0_0/conv_3_3_proc_sys_reset_0_0.xdc] for cell 'U0'
Finished Parsing XDC File [/home/nyengele/aha/fpga_builder/apps/conv_3_3/conv_3_3/conv_3_3.srcs/sources_1/bd/conv_3_3/ip/conv_3_3_proc_sys_reset_0_0/conv_3_3_proc_sys_reset_0_0.xdc] for cell 'U0'
Parsing XDC File [/home/nyengele/aha/fpga_builder/apps/conv_3_3/conv_3_3/conv_3_3.runs/conv_3_3_proc_sys_reset_0_0_synth_1/dont_touch.xdc]
Finished Parsing XDC File [/home/nyengele/aha/fpga_builder/apps/conv_3_3/conv_3_3/conv_3_3.runs/conv_3_3_proc_sys_reset_0_0_synth_1/dont_touch.xdc]
Completed Processing XDC Constraints

Netlist sorting complete. Time (s): cpu = 00:00:00 ; elapsed = 00:00:00 . Memory (MB): peak = 2885.090 ; gain = 0.000 ; free physical = 3708 ; free virtual = 77724
INFO: [Project 1-111] Unisim Transformation Summary:
  A total of 13 instances were transformed.
  FDR => FDRE: 12 instances
  SRL16 => SRL16E: 1 instance 

Constraint Validation Runtime : Time (s): cpu = 00:00:00.02 ; elapsed = 00:00:00.04 . Memory (MB): peak = 2885.090 ; gain = 0.000 ; free physical = 3705 ; free virtual = 77721
---------------------------------------------------------------------------------
Finished Constraint Validation : Time (s): cpu = 00:00:21 ; elapsed = 00:00:33 . Memory (MB): peak = 2885.090 ; gain = 247.281 ; free physical = 3443 ; free virtual = 77466
---------------------------------------------------------------------------------
---------------------------------------------------------------------------------
Start Loading Part and Timing Information
---------------------------------------------------------------------------------
Loading part: xczu7ev-ffvc1156-2-e
INFO: [Synth 8-6742] Reading net delay rules and data
---------------------------------------------------------------------------------
Finished Loading Part and Timing Information : Time (s): cpu = 00:00:21 ; elapsed = 00:00:33 . Memory (MB): peak = 2885.090 ; gain = 247.281 ; free physical = 3441 ; free virtual = 77464
---------------------------------------------------------------------------------
---------------------------------------------------------------------------------
Start Applying 'set_property' XDC Constraints
---------------------------------------------------------------------------------
Applied set_property DONT_TOUCH = true for U0. (constraint file  /home/nyengele/aha/fpga_builder/apps/conv_3_3/conv_3_3/conv_3_3.runs/conv_3_3_proc_sys_reset_0_0_synth_1/dont_touch.xdc, line 9).
---------------------------------------------------------------------------------
Finished applying 'set_property' XDC Constraints : Time (s): cpu = 00:00:21 ; elapsed = 00:00:33 . Memory (MB): peak = 2885.090 ; gain = 247.281 ; free physical = 3444 ; free virtual = 77467
---------------------------------------------------------------------------------
---------------------------------------------------------------------------------
Finished RTL Optimization Phase 2 : Time (s): cpu = 00:00:22 ; elapsed = 00:00:34 . Memory (MB): peak = 2885.090 ; gain = 247.281 ; free physical = 3414 ; free virtual = 77438
---------------------------------------------------------------------------------
---------------------------------------------------------------------------------
Start RTL Component Statistics 
---------------------------------------------------------------------------------
Detailed RTL Component Info : 
+---Adders : 
	   2 Input    6 Bit       Adders := 1     
+---Registers : 
	                6 Bit    Registers := 1     
	                3 Bit    Registers := 3     
	                1 Bit    Registers := 8     
+---Muxes : 
	   2 Input    6 Bit        Muxes := 1     
	   2 Input    1 Bit        Muxes := 1     
---------------------------------------------------------------------------------
Finished RTL Component Statistics 
---------------------------------------------------------------------------------
---------------------------------------------------------------------------------
Start Part Resource Summary
---------------------------------------------------------------------------------
Part Resources:
DSPs: 1728 (col length:144)
BRAMs: 624 (col length: RAMB18 144 RAMB36 72)
---------------------------------------------------------------------------------
Finished Part Resource Summary
---------------------------------------------------------------------------------
---------------------------------------------------------------------------------
Start Cross Boundary and Area Optimization
---------------------------------------------------------------------------------
---------------------------------------------------------------------------------
Finished Cross Boundary and Area Optimization : Time (s): cpu = 00:00:23 ; elapsed = 00:00:35 . Memory (MB): peak = 2885.090 ; gain = 247.281 ; free physical = 3292 ; free virtual = 77319
---------------------------------------------------------------------------------
---------------------------------------------------------------------------------
Start Applying XDC Timing Constraints
---------------------------------------------------------------------------------
---------------------------------------------------------------------------------
Finished Applying XDC Timing Constraints : Time (s): cpu = 00:00:58 ; elapsed = 00:01:39 . Memory (MB): peak = 3287.730 ; gain = 649.922 ; free physical = 1593 ; free virtual = 75714
---------------------------------------------------------------------------------
---------------------------------------------------------------------------------
Start Timing Optimization
---------------------------------------------------------------------------------
---------------------------------------------------------------------------------
Finished Timing Optimization : Time (s): cpu = 00:00:58 ; elapsed = 00:01:39 . Memory (MB): peak = 3287.730 ; gain = 649.922 ; free physical = 1592 ; free virtual = 75713
---------------------------------------------------------------------------------
---------------------------------------------------------------------------------
Start Technology Mapping
---------------------------------------------------------------------------------
---------------------------------------------------------------------------------
Finished Technology Mapping : Time (s): cpu = 00:00:58 ; elapsed = 00:01:39 . Memory (MB): peak = 3315.777 ; gain = 677.969 ; free physical = 1588 ; free virtual = 75709
---------------------------------------------------------------------------------
---------------------------------------------------------------------------------
Start IO Insertion
---------------------------------------------------------------------------------
---------------------------------------------------------------------------------
Start Flattening Before IO Insertion
---------------------------------------------------------------------------------
---------------------------------------------------------------------------------
Finished Flattening Before IO Insertion
---------------------------------------------------------------------------------
---------------------------------------------------------------------------------
Start Final Netlist Cleanup
---------------------------------------------------------------------------------
---------------------------------------------------------------------------------
Finished Final Netlist Cleanup
---------------------------------------------------------------------------------
---------------------------------------------------------------------------------
Finished IO Insertion : Time (s): cpu = 00:01:02 ; elapsed = 00:01:43 . Memory (MB): peak = 3315.777 ; gain = 677.969 ; free physical = 1815 ; free virtual = 75928
---------------------------------------------------------------------------------
---------------------------------------------------------------------------------
Start Renaming Generated Instances
---------------------------------------------------------------------------------
---------------------------------------------------------------------------------
Finished Renaming Generated Instances : Time (s): cpu = 00:01:02 ; elapsed = 00:01:43 . Memory (MB): peak = 3315.777 ; gain = 677.969 ; free physical = 1815 ; free virtual = 75928
---------------------------------------------------------------------------------
---------------------------------------------------------------------------------
Start Rebuilding User Hierarchy
---------------------------------------------------------------------------------
---------------------------------------------------------------------------------
Finished Rebuilding User Hierarchy : Time (s): cpu = 00:01:02 ; elapsed = 00:01:43 . Memory (MB): peak = 3315.777 ; gain = 677.969 ; free physical = 1815 ; free virtual = 75928
---------------------------------------------------------------------------------
---------------------------------------------------------------------------------
Start Renaming Generated Ports
---------------------------------------------------------------------------------
---------------------------------------------------------------------------------
Finished Renaming Generated Ports : Time (s): cpu = 00:01:02 ; elapsed = 00:01:43 . Memory (MB): peak = 3315.777 ; gain = 677.969 ; free physical = 1815 ; free virtual = 75928
---------------------------------------------------------------------------------
---------------------------------------------------------------------------------
Start Handling Custom Attributes
---------------------------------------------------------------------------------
---------------------------------------------------------------------------------
Finished Handling Custom Attributes : Time (s): cpu = 00:01:02 ; elapsed = 00:01:43 . Memory (MB): peak = 3315.777 ; gain = 677.969 ; free physical = 1815 ; free virtual = 75928
---------------------------------------------------------------------------------
---------------------------------------------------------------------------------
Start Renaming Generated Nets
---------------------------------------------------------------------------------
---------------------------------------------------------------------------------
Finished Renaming Generated Nets : Time (s): cpu = 00:01:02 ; elapsed = 00:01:43 . Memory (MB): peak = 3315.777 ; gain = 677.969 ; free physical = 1815 ; free virtual = 75928
---------------------------------------------------------------------------------
---------------------------------------------------------------------------------
Start Writing Synthesis Report
---------------------------------------------------------------------------------

Report BlackBoxes: 
+-+--------------+----------+
| |BlackBox name |Instances |
+-+--------------+----------+
+-+--------------+----------+

Report Cell Usage: 
+------+------+------+
|      |Cell  |Count |
+------+------+------+
|1     |LUT1  |     5|
|2     |LUT2  |     9|
|3     |LUT3  |     1|
|4     |LUT4  |     6|
|5     |LUT5  |     3|
|6     |LUT6  |     1|
|7     |SRL16 |     1|
|8     |FDR   |     8|
|9     |FDRE  |    28|
|10    |FDSE  |     4|
+------+------+------+
---------------------------------------------------------------------------------
Finished Writing Synthesis Report : Time (s): cpu = 00:01:02 ; elapsed = 00:01:43 . Memory (MB): peak = 3315.777 ; gain = 677.969 ; free physical = 1815 ; free virtual = 75928
---------------------------------------------------------------------------------
Synthesis finished with 0 errors, 0 critical warnings and 0 warnings.
Synthesis Optimization Runtime : Time (s): cpu = 00:00:53 ; elapsed = 00:01:30 . Memory (MB): peak = 3315.777 ; gain = 503.250 ; free physical = 1857 ; free virtual = 75970
Synthesis Optimization Complete : Time (s): cpu = 00:01:02 ; elapsed = 00:01:43 . Memory (MB): peak = 3315.785 ; gain = 677.969 ; free physical = 1853 ; free virtual = 75966
INFO: [Project 1-571] Translating synthesized netlist
Netlist sorting complete. Time (s): cpu = 00:00:00 ; elapsed = 00:00:00 . Memory (MB): peak = 3315.785 ; gain = 0.000 ; free physical = 1845 ; free virtual = 75958
INFO: [Netlist 29-17] Analyzing 9 Unisim elements for replacement
INFO: [Netlist 29-28] Unisim Transformation completed in 0 CPU seconds
INFO: [Project 1-570] Preparing netlist for logic optimization
INFO: [Opt 31-138] Pushed 0 inverter(s) to 0 load pin(s).
Netlist sorting complete. Time (s): cpu = 00:00:00 ; elapsed = 00:00:00 . Memory (MB): peak = 3374.574 ; gain = 0.000 ; free physical = 1840 ; free virtual = 75953
INFO: [Project 1-111] Unisim Transformation Summary:
  A total of 9 instances were transformed.
  FDR => FDRE: 8 instances
  SRL16 => SRL16E: 1 instance 

INFO: [Common 17-83] Releasing license: Synthesis
47 Infos, 0 Warnings, 0 Critical Warnings and 0 Errors encountered.
synth_design completed successfully
synth_design: Time (s): cpu = 00:01:23 ; elapsed = 00:02:13 . Memory (MB): peak = 3374.574 ; gain = 1297.426 ; free physical = 1975 ; free virtual = 76088
INFO: [Common 17-1381] The checkpoint '/home/nyengele/aha/fpga_builder/apps/conv_3_3/conv_3_3/conv_3_3.runs/conv_3_3_proc_sys_reset_0_0_synth_1/conv_3_3_proc_sys_reset_0_0.dcp' has been generated.
WARNING: [Common 17-576] 'use_project_ipc' is deprecated. This option is deprecated and no longer used.
INFO: [Coretcl 2-1648] Added synthesis output to IP cache for IP conv_3_3_proc_sys_reset_0_0, cache-ID = 1927d520912c0e96
INFO: [Coretcl 2-1174] Renamed 6 cell refs.
INFO: [Common 17-1381] The checkpoint '/home/nyengele/aha/fpga_builder/apps/conv_3_3/conv_3_3/conv_3_3.runs/conv_3_3_proc_sys_reset_0_0_synth_1/conv_3_3_proc_sys_reset_0_0.dcp' has been generated.
INFO: [runtcl-4] Executing : report_utilization -file conv_3_3_proc_sys_reset_0_0_utilization_synth.rpt -pb conv_3_3_proc_sys_reset_0_0_utilization_synth.pb
INFO: [Common 17-206] Exiting Vivado at Tue Oct 13 14:46:56 2020...
